dmt2FrontAndroid/Diabetest2/app/build/outputs/logs/manifest-merger-debug-report.txt
-- Merging decision tree log ---
manifest
ADDED from src\main\AndroidManifest.xml:2:1-197:12
INJECTED from src\main\AndroidManifest.xml:2:1-197:12
INJECTED from src\main\AndroidManifest.xml:2:1-197:12
INJECTED from src\main\AndroidManifest.xml:2:1-197:12
MERGED from [com.android.support:design:26.1.0] AndroidManifest.xml:17:1-31:12
MERGED from [com.android.support:appcompat-v7:26.1.0] AndroidManifest.xml:17:1-31:12
MERGED from [com.android.support:transition:26.1.0] AndroidManifest.xml:17:1-28:12
MERGED from [com.google.android.gms:play-services-auth:16.0.1] AndroidManifest.xml:17:1-39:12
MERGED from [com.google.android.gms:play-services-auth-api-phone:16.0.0] AndroidManifest.xml:2:1-7:12
MERGED from [com.google.android.gms:play-services-auth-base:16.0.0] AndroidManifest.xml:2:1-7:12
MERGED from [com.google.android.gms:play-services-base:16.0.1] AndroidManifest.xml:17:1-29:12
MERGED from [com.google.android.gms:play-services-tasks:16.0.1] AndroidManifest.xml:2:1-9:12
MERGED from [com.google.android.gms:play-services-basement:16.0.1] AndroidManifest.xml:17:1-28:12
MERGED from [com.android.support:support-v4:26.1.0] AndroidManifest.xml:17:1-31:12
MERGED from [com.android.support:gridlayout-v7:26.1.0] AndroidManifest.xml:17:1-28:12
MERGED from [com.android.volley:volley:1.1.0] AndroidManifest.xml:2:1-11:12
MERGED from [com.android.support.constraint:constraint-layout:1.1.0] AndroidManifest.xml:2:1-11:12
MERGED from [de.hdodenhof:circleimageview:2.2.0] AndroidManifest.xml:2:1-11:12
MERGED from [com.android.support:cardview-v7:26.1.0] AndroidManifest.xml:17:1-28:12
MERGED from [com.android.support:recyclerview-v7:26.1.0] AndroidManifest.xml:17:1-28:12
MERGED from [com.github.timigod:android-chat-ui:v0.1.3] AndroidManifest.xml:2:1-17:12
MERGED from [com.android.support:support-media-compat:26.1.0] AndroidManifest.xml:17:1-31:12
MERGED from [com.android.support:support-fragment:26.1.0] AndroidManifest.xml:17:1-31:12
MERGED from [com.android.support:support-core-utils:26.1.0] AndroidManifest.xml:17:1-31:12
MERGED from [com.android.support:animated-vector-drawable:26.1.0] AndroidManifest.xml:17:1-28:12
MERGED from [com.android.support:support-core-ui:26.1.0] AndroidManifest.xml:17:1-31:12
MERGED from [com.android.support:support-vector-drawable:26.1.0] AndroidManifest.xml:17:1-28:12
MERGED from [com.android.support:support-compat:26.1.0] AndroidManifest.xml:17:1-31:12
MERGED from [pl.tajchert:waitingdots:0.2.0] AndroidManifest.xml:2:1-14:12
MERGED from [android.arch.lifecycle:runtime:1.0.0] AndroidManifest.xml:17:1-30:12
INJECTED from src\main\AndroidManifest.xml:2:1-197:12
INJECTED from src\main\AndroidManifest.xml:2:1-197:12
INJECTED from src\main\AndroidManifest.xml:2:1-197:12
	package
		ADDED from src\main\AndroidManifest.xml:4:5-42
		INJECTED from src\main\AndroidManifest.xml
		INJECTED from src\main\AndroidManifest.xml
	android:versionName
		INJECTED from src\main\AndroidManifest.xml
		ADDED from src\main\AndroidManifest.xml:2:1-197:12
		INJECTED from src\main\AndroidManifest.xml
	xmlns:tools
		ADDED from src\main\AndroidManifest.xml:3:5-51
	android:versionCode
		INJECTED from src\main\AndroidManifest.xml
		ADDED from src\main\AndroidManifest.xml:2:1-197:12
		INJECTED from src\main\AndroidManifest.xml
	xmlns:android
		ADDED from src\main\AndroidManifest.xml:2:11-69
uses-permission#android.permission.INTERNET
ADDED from src\main\AndroidManifest.xml:6:5-67
	android:name
		ADDED from src\main\AndroidManifest.xml:6:22-64
uses-permission#android.permission.ACCESS_NETWORK_STATE
ADDED from src\main\AndroidManifest.xml:7:5-79
	android:name
		ADDED from src\main\AndroidManifest.xml:7:22-76
uses-permission#android.permission.CAMERA
ADDED from src\main\AndroidManifest.xml:8:5-65
	android:name
		ADDED from src\main\AndroidManifest.xml:8:22-62
uses-permission#android.permission.WRITE_EXTERNAL_STORAGE
ADDED from src\main\AndroidManifest.xml:9:5-81
	android:name
		ADDED from src\main\AndroidManifest.xml:9:22-78
uses-permission#android.permission.READ_EXTERNAL_STORAGE
ADDED from src\main\AndroidManifest.xml:10:5-80
	android:name
		ADDED from src\main\AndroidManifest.xml:10:22-77
uses-permission#android.permission.VIBRATE
ADDED from src\main\AndroidManifest.xml:11:5-66
	android:name
		ADDED from src\main\AndroidManifest.xml:11:22-63
uses-permission#android.permission.READ_INTERNAL_STORAGE
ADDED from src\main\AndroidManifest.xml:12:5-80
	android:name
		ADDED from src\main\AndroidManifest.xml:12:22-77
uses-permission#android.permission.WRITE_INTERNAL_STORAGE
ADDED from src\main\AndroidManifest.xml:13:5-81
	android:name
		ADDED from src\main\AndroidManifest.xml:13:22-78
uses-permission#android.permission.RECEIVE_BOOT_COMPLETED
ADDED from src\main\AndroidManifest.xml:14:5-81
	android:name
		ADDED from src\main\AndroidManifest.xml:14:22-78
protected-broadcast
ADDED from src\main\AndroidManifest.xml:16:5-79
	android:name
		ADDED from src\main\AndroidManifest.xml:16:26-76
uses-permission#android.permission.GET_ACCOUNTS
ADDED from src\main\AndroidManifest.xml:17:5-71
	android:name
		ADDED from src\main\AndroidManifest.xml:17:22-68
uses-permission#android.permission.READ_PROFILE
ADDED from src\main\AndroidManifest.xml:18:5-71
	android:name
		ADDED from src\main\AndroidManifest.xml:18:22-68
uses-permission#android.permission.READ_CONTACTS
ADDED from src\main\AndroidManifest.xml:19:5-72
	android:name
		ADDED from src\main\AndroidManifest.xml:19:22-69
application
ADDED from src\main\AndroidManifest.xml:21:5-195:19
MERGED from [com.android.support:design:26.1.0] AndroidManifest.xml:25:5-29:19
MERGED from [com.android.support:design:26.1.0] AndroidManifest.xml:25:5-29:19
MERGED from [com.android.support:appcompat-v7:26.1.0] AndroidManifest.xml:25:5-29:19
MERGED from [com.android.support:appcompat-v7:26.1.0] AndroidManifest.xml:25:5-29:19
MERGED from [com.android.support:transition:26.1.0] AndroidManifest.xml:22:5-26:19
MERGED from [com.android.support:transition:26.1.0] AndroidManifest.xml:22:5-26:19
MERGED from [com.google.android.gms:play-services-auth:16.0.1] AndroidManifest.xml:22:5-37:19
MERGED from [com.google.android.gms:play-services-auth:16.0.1] AndroidManifest.xml:22:5-37:19
MERGED from [com.google.android.gms:play-services-base:16.0.1] AndroidManifest.xml:22:5-27:19
MERGED from [com.google.android.gms:play-services-base:16.0.1] AndroidManifest.xml:22:5-27:19
MERGED from [com.google.android.gms:play-services-tasks:16.0.1] AndroidManifest.xml:7:5-20
MERGED from [com.google.android.gms:play-services-tasks:16.0.1] AndroidManifest.xml:7:5-20
MERGED from [com.google.android.gms:play-services-basement:16.0.1] AndroidManifest.xml:22:5-26:19
MERGED from [com.google.android.gms:play-services-basement:16.0.1] AndroidManifest.xml:22:5-26:19
MERGED from [com.android.support:support-v4:26.1.0] AndroidManifest.xml:25:5-29:19
MERGED from [com.android.support:support-v4:26.1.0] AndroidManifest.xml:25:5-29:19
MERGED from [com.android.support:gridlayout-v7:26.1.0] AndroidManifest.xml:22:5-26:19
MERGED from [com.android.support:gridlayout-v7:26.1.0] AndroidManifest.xml:22:5-26:19
MERGED from [com.android.volley:volley:1.1.0] AndroidManifest.xml:9:5-20
MERGED from [com.android.volley:volley:1.1.0] AndroidManifest.xml:9:5-20
MERGED from [com.android.support.constraint:constraint-layout:1.1.0] AndroidManifest.xml:9:5-20
MERGED from [com.android.support.constraint:constraint-layout:1.1.0] AndroidManifest.xml:9:5-20
MERGED from [de.hdodenhof:circleimageview:2.2.0] AndroidManifest.xml:9:5-20
MERGED from [de.hdodenhof:circleimageview:2.2.0] AndroidManifest.xml:9:5-20
MERGED from [com.android.support:cardview-v7:26.1.0] AndroidManifest.xml:22:5-26:19
MERGED from [com.android.support:cardview-v7:26.1.0] AndroidManifest.xml:22:5-26:19
MERGED from [com.android.support:recyclerview-v7:26.1.0] AndroidManifest.xml:22:5-26:19
MERGED from [com.android.support:recyclerview-v7:26.1.0] AndroidManifest.xml:22:5-26:19
MERGED from [com.github.timigod:android-chat-ui:v0.1.3] AndroidManifest.xml:11:5-15:19
MERGED from [com.github.timigod:android-chat-ui:v0.1.3] AndroidManifest.xml:11:5-15:19
MERGED from [com.android.support:support-media-compat:26.1.0] AndroidManifest.xml:25:5-29:19
MERGED from [com.android.support:support-media-compat:26.1.0] AndroidManifest.xml:25:5-29:19
MERGED from [com.android.support:support-fragment:26.1.0] AndroidManifest.xml:25:5-29:19
MERGED from [com.android.support:support-fragment:26.1.0] AndroidManifest.xml:25:5-29:19
MERGED from [com.android.support:support-core-utils:26.1.0] AndroidManifest.xml:25:5-29:19
MERGED from [com.android.support:support-core-utils:26.1.0] AndroidManifest.xml:25:5-29:19
MERGED from [com.android.support:animated-vector-drawable:26.1.0] AndroidManifest.xml:22:5-26:19
MERGED from [com.android.support:animated-vector-drawable:26.1.0] AndroidManifest.xml:22:5-26:19
MERGED from [com.android.support:support-core-ui:26.1.0] AndroidManifest.xml:25:5-29:19
MERGED from [com.android.support:support-core-ui:26.1.0] AndroidManifest.xml:25:5-29:19
MERGED from [com.android.support:support-vector-drawable:26.1.0] AndroidManifest.xml:22:5-26:19
MERGED from [com.android.support:support-vector-drawable:26.1.0] AndroidManifest.xml:22:5-26:19
MERGED from [com.android.support:support-compat:26.1.0] AndroidManifest.xml:25:5-29:19
MERGED from [com.android.support:support-compat:26.1.0] AndroidManifest.xml:25:5-29:19
MERGED from [pl.tajchert:waitingdots:0.2.0] AndroidManifest.xml:11:5-12:19
MERGED from [pl.tajchert:waitingdots:0.2.0] AndroidManifest.xml:11:5-12:19
MERGED from [android.arch.lifecycle:runtime:1.0.0] AndroidManifest.xml:24:5-28:19
MERGED from [android.arch.lifecycle:runtime:1.0.0] AndroidManifest.xml:24:5-28:19
	android:screenOrientation
		ADDED from src\main\AndroidManifest.xml:27:9-45
	android:supportsRtl
		ADDED from src\main\AndroidManifest.xml:28:9-35
	android:label
		ADDED from src\main\AndroidManifest.xml:24:9-50
		REJECTED from [com.github.timigod:android-chat-ui:v0.1.3] AndroidManifest.xml:13:9-41
		REJECTED from [pl.tajchert:waitingdots:0.2.0] AndroidManifest.xml:11:18-50
	android:roundIcon
		ADDED from src\main\AndroidManifest.xml:26:9-51
	android:largeHeap
		ADDED from src\main\AndroidManifest.xml:25:9-33
	android:icon
		ADDED from src\main\AndroidManifest.xml:23:9-46
	android:allowBackup
		ADDED from src\main\AndroidManifest.xml:22:9-35
	android:theme
		ADDED from src\main\AndroidManifest.xml:29:9-40
	tools:replace
		ADDED from src\main\AndroidManifest.xml:30:9-38
activity#juan.example.com.diabetest2.paciente.VerificacionGlucosa
ADDED from src\main\AndroidManifest.xml:31:9-35:20
	android:theme
		ADDED from src\main\AndroidManifest.xml:33:13-56
	android:name
		ADDED from src\main\AndroidManifest.xml:32:13-57
activity#juan.example.com.diabetest2.paciente.VerificacionPeso
ADDED from src\main\AndroidManifest.xml:36:9-40:20
	android:theme
		ADDED from src\main\AndroidManifest.xml:38:13-56
	android:name
		ADDED from src\main\AndroidManifest.xml:37:13-54
activity#juan.example.com.diabetest2.administrador.Inicio
ADDED from src\main\AndroidManifest.xml:41:9-47:20
	android:name
		ADDED from src\main\AndroidManifest.xml:41:19-55
intent-filter#action:name:android.intent.action.MAIN+category:name:android.intent.category.LAUNCHER
ADDED from src\main\AndroidManifest.xml:42:13-46:29
action#android.intent.action.MAIN
ADDED from src\main\AndroidManifest.xml:43:17-69
	android:name
		ADDED from src\main\AndroidManifest.xml:43:25-66
category#android.intent.category.LAUNCHER
ADDED from src\main\AndroidManifest.xml:45:17-77
	android:name
		ADDED from src\main\AndroidManifest.xml:45:27-74
activity#juan.example.com.diabetest2.profesional.CrearPaciente
ADDED from src\main\AndroidManifest.xml:48:9-63
	android:name
		ADDED from src\main\AndroidManifest.xml:48:19-60
activity#juan.example.com.diabetest2.profesional.DiagnosticoInicial
ADDED from src\main\AndroidManifest.xml:49:9-68
	android:name
		ADDED from src\main\AndroidManifest.xml:49:19-65
activity#juan.example.com.diabetest2.comunes.Usuario
ADDED from src\main\AndroidManifest.xml:50:9-53
	android:name
		ADDED from src\main\AndroidManifest.xml:50:19-50
activity#juan.example.com.diabetest2.paciente.FyC
ADDED from src\main\AndroidManifest.xml:51:9-50
	android:name
		ADDED from src\main\AndroidManifest.xml:51:19-47
activity#juan.example.com.diabetest2.profesional.Comorbilidad
ADDED from src\main\AndroidManifest.xml:52:9-62
	android:name
		ADDED from src\main\AndroidManifest.xml:52:19-59
activity#juan.example.com.diabetest2.profesional.Pacientes
ADDED from src\main\AndroidManifest.xml:53:9-55:52
	android:screenOrientation
		ADDED from src\main\AndroidManifest.xml:55:13-49
	android:name
		ADDED from src\main\AndroidManifest.xml:54:13-50
activity#juan.example.com.diabetest2.paciente.ApoyoSocial
ADDED from src\main\AndroidManifest.xml:56:9-58
	android:name
		ADDED from src\main\AndroidManifest.xml:56:19-55
activity#juan.example.com.diabetest2.paciente.EstiloVida
ADDED from src\main\AndroidManifest.xml:57:9-57
	android:name
		ADDED from src\main\AndroidManifest.xml:57:19-54
activity#juan.example.com.diabetest2.paciente.ActividadFisica
ADDED from src\main\AndroidManifest.xml:58:9-62
	android:name
		ADDED from src\main\AndroidManifest.xml:58:19-59
activity#juan.example.com.diabetest2.administrador.acercade
ADDED from src\main\AndroidManifest.xml:59:9-60
	android:name
		ADDED from src\main\AndroidManifest.xml:59:19-57
activity#juan.example.com.diabetest2.comunes.CrearRecurso
ADDED from src\main\AndroidManifest.xml:60:9-58
	android:name
		ADDED from src\main\AndroidManifest.xml:60:19-55
activity#juan.example.com.diabetest2.comunes.ModificarRecurso
ADDED from src\main\AndroidManifest.xml:61:9-62
	android:name
		ADDED from src\main\AndroidManifest.xml:61:19-59
activity#juan.example.com.diabetest2.comunes.Recursos
ADDED from src\main\AndroidManifest.xml:62:9-64:52
	android:screenOrientation
		ADDED from src\main\AndroidManifest.xml:64:13-49
	android:name
		ADDED from src\main\AndroidManifest.xml:63:13-45
activity#juan.example.com.diabetest2.paciente.Evolucion
ADDED from src\main\AndroidManifest.xml:65:9-56
	android:name
		ADDED from src\main\AndroidManifest.xml:65:19-53
activity#juan.example.com.diabetest2.comunes.Mensajes
ADDED from src\main\AndroidManifest.xml:66:9-70:59
	android:screenOrientation
		ADDED from src\main\AndroidManifest.xml:69:13-49
	android:label
		ADDED from src\main\AndroidManifest.xml:68:13-54
	android:theme
		ADDED from src\main\AndroidManifest.xml:70:13-56
	android:name
		ADDED from src\main\AndroidManifest.xml:67:13-45
activity#juan.example.com.diabetest2.paciente.MenuPaciente
ADDED from src\main\AndroidManifest.xml:71:9-74:59
	android:label
		ADDED from src\main\AndroidManifest.xml:73:13-54
	android:theme
		ADDED from src\main\AndroidManifest.xml:74:13-56
	android:name
		ADDED from src\main\AndroidManifest.xml:72:13-50
activity#juan.example.com.diabetest2.profesional.MenuProfesional
ADDED from src\main\AndroidManifest.xml:75:9-78:59
	android:label
		ADDED from src\main\AndroidManifest.xml:77:13-54
	android:theme
		ADDED from src\main\AndroidManifest.xml:78:13-56
	android:name
		ADDED from src\main\AndroidManifest.xml:76:13-56
activity#juan.example.com.diabetest2.paciente.Animo
ADDED from src\main\AndroidManifest.xml:79:9-52
	android:name
		ADDED from src\main\AndroidManifest.xml:79:19-49
activity#juan.example.com.diabetest2.comunes.CrearMensaje
ADDED from src\main\AndroidManifest.xml:80:9-58
	android:name
		ADDED from src\main\AndroidManifest.xml:80:19-55
activity#juan.example.com.diabetest2.comunes.Comunidad
ADDED from src\main\AndroidManifest.xml:81:9-55
	android:name
		ADDED from src\main\AndroidManifest.xml:81:19-52
activity#juan.example.com.diabetest2.comunes.CrearComunidad
ADDED from src\main\AndroidManifest.xml:82:9-60
	android:name
		ADDED from src\main\AndroidManifest.xml:82:19-57
activity#juan.example.com.diabetest2.paciente.Aep
ADDED from src\main\AndroidManifest.xml:83:9-50
	android:name
		ADDED from src\main\AndroidManifest.xml:83:19-47
activity#juan.example.com.diabetest2.comunes.VerRecurso
ADDED from src\main\AndroidManifest.xml:84:9-56
	android:name
		ADDED from src\main\AndroidManifest.xml:84:19-53
activity#juan.example.com.diabetest2.administrador.Administracion
ADDED from src\main\AndroidManifest.xml:85:9-66
	android:name
		ADDED from src\main\AndroidManifest.xml:85:19-63
activity#juan.example.com.diabetest2.administrador.CrearProfesional
ADDED from src\main\AndroidManifest.xml:86:9-68
	android:name
		ADDED from src\main\AndroidManifest.xml:86:19-65
activity#juan.example.com.diabetest2.paciente.DetallePaciente
ADDED from src\main\AndroidManifest.xml:87:9-62
	android:name
		ADDED from src\main\AndroidManifest.xml:87:19-59
service#juan.example.com.diabetest2.administrador.ServicioDT2
ADDED from src\main\AndroidManifest.xml:89:9-62
	android:name
		ADDED from src\main\AndroidManifest.xml:89:18-59
activity#juan.example.com.diabetest2.comunes.DiscusionComunidad
ADDED from src\main\AndroidManifest.xml:91:9-64
	android:name
		ADDED from src\main\AndroidManifest.xml:91:19-61
activity#juan.example.com.diabetest2.comunes.ComentarTema
ADDED from src\main\AndroidManifest.xml:92:9-58
	android:name
		ADDED from src\main\AndroidManifest.xml:92:19-55
activity#juan.example.com.diabetest2.profesional.ConsentimientoPro
ADDED from src\main\AndroidManifest.xml:93:9-67
	android:name
		ADDED from src\main\AndroidManifest.xml:93:19-64
activity#juan.example.com.diabetest2.paciente.Consentimiento
ADDED from src\main\AndroidManifest.xml:94:9-61
	android:name
		ADDED from src\main\AndroidManifest.xml:94:19-58
activity#juan.example.com.diabetest2.familiar.MenuFamiliar
ADDED from src\main\AndroidManifest.xml:95:9-98:59
	android:label
		ADDED from src\main\AndroidManifest.xml:97:13-54
	android:theme
		ADDED from src\main\AndroidManifest.xml:98:13-56
	android:name
		ADDED from src\main\AndroidManifest.xml:96:13-50
activity#juan.example.com.diabetest2.comunes.Informacion
ADDED from src\main\AndroidManifest.xml:99:9-101:52
	android:screenOrientation
		ADDED from src\main\AndroidManifest.xml:101:13-49
	android:name
		ADDED from src\main\AndroidManifest.xml:100:13-48
activity#juan.example.com.diabetest2.comunes.VerInformacion
ADDED from src\main\AndroidManifest.xml:102:9-60
	android:name
		ADDED from src\main\AndroidManifest.xml:102:19-57
activity#juan.example.com.diabetest2.paciente.PesoIMC
ADDED from src\main\AndroidManifest.xml:103:9-54
	android:name
		ADDED from src\main\AndroidManifest.xml:103:19-51
activity#juan.example.com.diabetest2.paciente.Hba1c
ADDED from src\main\AndroidManifest.xml:104:9-52
	android:name
		ADDED from src\main\AndroidManifest.xml:104:19-49
activity#juan.example.com.diabetest2.profesional.Observaciones
ADDED from src\main\AndroidManifest.xml:105:9-63
	android:name
		ADDED from src\main\AndroidManifest.xml:105:19-60
activity#juan.example.com.diabetest2.profesional.CrearObservacion
ADDED from src\main\AndroidManifest.xml:106:9-66
	android:name
		ADDED from src\main\AndroidManifest.xml:106:19-63
activity#juan.example.com.diabetest2.paciente.Metas
ADDED from src\main\AndroidManifest.xml:107:9-52
	android:name
		ADDED from src\main\AndroidManifest.xml:107:19-49
activity#juan.example.com.diabetest2.paciente.Medicamentos
ADDED from src\main\AndroidManifest.xml:108:9-59
	android:name
		ADDED from src\main\AndroidManifest.xml:108:19-56
activity#juan.example.com.diabetest2.comunes.HabitosSaludables
ADDED from src\main\AndroidManifest.xml:109:9-63
	android:name
		ADDED from src\main\AndroidManifest.xml:109:19-60
activity#juan.example.com.diabetest2.paciente.CrearMedicamento
ADDED from src\main\AndroidManifest.xml:110:9-63
	android:name
		ADDED from src\main\AndroidManifest.xml:110:19-60
activity#juan.example.com.diabetest2.comunes.CrearHabito
ADDED from src\main\AndroidManifest.xml:111:9-57
	android:name
		ADDED from src\main\AndroidManifest.xml:111:19-54
activity#juan.example.com.diabetest2.comunes.VerHabito
ADDED from src\main\AndroidManifest.xml:112:9-55
	android:name
		ADDED from src\main\AndroidManifest.xml:112:19-52
activity#juan.example.com.diabetest2.profesional.EncuestaProfesionales
ADDED from src\main\AndroidManifest.xml:113:9-71
	android:name
		ADDED from src\main\AndroidManifest.xml:113:19-68
activity#juan.example.com.diabetest2.paciente.misiones
ADDED from src\main\AndroidManifest.xml:114:9-55
	android:name
		ADDED from src\main\AndroidManifest.xml:114:19-52
activity#juan.example.com.diabetest2.PasosMision
ADDED from src\main\AndroidManifest.xml:115:9-118:59
	android:label
		ADDED from src\main\AndroidManifest.xml:117:13-64
	android:theme
		ADDED from src\main\AndroidManifest.xml:118:13-56
	android:name
		ADDED from src\main\AndroidManifest.xml:116:13-40
activity#juan.example.com.diabetest2.profesional.SeleccionMP
ADDED from src\main\AndroidManifest.xml:119:9-122:59
	android:label
		ADDED from src\main\AndroidManifest.xml:121:13-64
	android:theme
		ADDED from src\main\AndroidManifest.xml:122:13-56
	android:name
		ADDED from src\main\AndroidManifest.xml:120:13-52
activity#juan.example.com.diabetest2.profesional.GeneralMision
ADDED from src\main\AndroidManifest.xml:123:9-126:59
	android:label
		ADDED from src\main\AndroidManifest.xml:125:13-66
	android:theme
		ADDED from src\main\AndroidManifest.xml:126:13-56
	android:name
		ADDED from src\main\AndroidManifest.xml:124:13-54
activity#juan.example.com.diabetest2.profesional.MisionProf
ADDED from src\main\AndroidManifest.xml:127:9-130:59
	android:label
		ADDED from src\main\AndroidManifest.xml:129:13-63
	android:theme
		ADDED from src\main\AndroidManifest.xml:130:13-56
	android:name
		ADDED from src\main\AndroidManifest.xml:128:13-51
activity#juan.example.com.diabetest2.profesional.MisionSelProf
ADDED from src\main\AndroidManifest.xml:131:9-63
	android:name
		ADDED from src\main\AndroidManifest.xml:131:19-60
activity#juan.example.com.diabetest2.profesional.Mision_Gen_Prof
ADDED from src\main\AndroidManifest.xml:132:9-65
	android:name
		ADDED from src\main\AndroidManifest.xml:132:19-62
activity#juan.example.com.diabetest2.profesional.AgMision
ADDED from src\main\AndroidManifest.xml:133:9-58
	android:name
		ADDED from src\main\AndroidManifest.xml:133:19-55
activity#juan.example.com.diabetest2.profesional.Creamisg
ADDED from src\main\AndroidManifest.xml:134:9-58
	android:name
		ADDED from src\main\AndroidManifest.xml:134:19-55
activity#juan.example.com.diabetest2.profesional.Crearmisg2
ADDED from src\main\AndroidManifest.xml:135:9-60
	android:name
		ADDED from src\main\AndroidManifest.xml:135:19-57
activity#juan.example.com.diabetest2.profesional.CompmisionProf
ADDED from src\main\AndroidManifest.xml:136:9-64
	android:name
		ADDED from src\main\AndroidManifest.xml:136:19-61
activity#juan.example.com.diabetest2.profesional.ag_logro
ADDED from src\main\AndroidManifest.xml:137:9-58
	android:name
		ADDED from src\main\AndroidManifest.xml:137:19-55
activity#juan.example.com.diabetest2.profesional.BuscLogro
ADDED from src\main\AndroidManifest.xml:138:9-59
	android:name
		ADDED from src\main\AndroidManifest.xml:138:19-56
activity#juan.example.com.diabetest2.profesional.controlesLog
ADDED from src\main\AndroidManifest.xml:139:9-142:59
	android:label
		ADDED from src\main\AndroidManifest.xml:141:13-65
	android:theme
		ADDED from src\main\AndroidManifest.xml:142:13-56
	android:name
		ADDED from src\main\AndroidManifest.xml:140:13-53
activity#juan.example.com.diabetest2.profesional.logros.EditLog
ADDED from src\main\AndroidManifest.xml:143:9-64
	android:name
		ADDED from src\main\AndroidManifest.xml:143:19-61
activity#juan.example.com.diabetest2.profesional.activity_encuestas_crud
ADDED from src\main\AndroidManifest.xml:144:9-73
	android:name
		ADDED from src\main\AndroidManifest.xml:144:19-70
activity#juan.example.com.diabetest2.profesional.Crearmisg3
ADDED from src\main\AndroidManifest.xml:145:9-60
	android:name
		ADDED from src\main\AndroidManifest.xml:145:19-57
activity#juan.example.com.diabetest2.profesional.Pruebcon
ADDED from src\main\AndroidManifest.xml:146:9-58
	android:name
		ADDED from src\main\AndroidManifest.xml:146:19-55
activity#juan.example.com.diabetest2.profesional.Crearmisg4
ADDED from src\main\AndroidManifest.xml:147:9-60
	android:name
		ADDED from src\main\AndroidManifest.xml:147:19-57
activity#juan.example.com.diabetest2.profesional.Crearmisg5
ADDED from src\main\AndroidManifest.xml:148:9-60
	android:name
		ADDED from src\main\AndroidManifest.xml:148:19-57
activity#juan.example.com.diabetest2.profesional.crearmisgmedi
ADDED from src\main\AndroidManifest.xml:149:9-63
	android:name
		ADDED from src\main\AndroidManifest.xml:149:19-60
activity#juan.example.com.diabetest2.profesional.misioncruds.Medicamentosm
ADDED from src\main\AndroidManifest.xml:150:9-75
	android:name
		ADDED from src\main\AndroidManifest.xml:150:19-72
activity#juan.example.com.diabetest2.profesional.misioncruds.Forosm
ADDED from src\main\AndroidManifest.xml:151:9-68
	android:name
		ADDED from src\main\AndroidManifest.xml:151:19-65
activity#juan.example.com.diabetest2.profesional.misioncruds.AsignacionRecursos
ADDED from src\main\AndroidManifest.xml:152:9-80
	android:name
		ADDED from src\main\AndroidManifest.xml:152:19-77
activity#juan.example.com.diabetest2.profesional.misioncruds.habitosm
ADDED from src\main\AndroidManifest.xml:153:9-70
	android:name
		ADDED from src\main\AndroidManifest.xml:153:19-67
activity#juan.example.com.diabetest2.profesional.misioncruds.Encuestas
ADDED from src\main\AndroidManifest.xml:154:9-71
	android:name
		ADDED from src\main\AndroidManifest.xml:154:19-68
activity#juan.example.com.diabetest2.profesional.misioncruds.mededit
ADDED from src\main\AndroidManifest.xml:155:9-69
	android:name
		ADDED from src\main\AndroidManifest.xml:155:19-66
activity#juan.example.com.diabetest2.profesional.misioncruds.Medcrear
ADDED from src\main\AndroidManifest.xml:156:9-70
	android:name
		ADDED from src\main\AndroidManifest.xml:156:19-67
activity#juan.example.com.diabetest2.profesional.crudmision
ADDED from src\main\AndroidManifest.xml:157:9-60
	android:name
		ADDED from src\main\AndroidManifest.xml:157:19-57
activity#juan.example.com.diabetest2.profesional.misionitem
ADDED from src\main\AndroidManifest.xml:158:9-60
	android:name
		ADDED from src\main\AndroidManifest.xml:158:19-57
activity#juan.example.com.diabetest2.profesional.Profemodificar
ADDED from src\main\AndroidManifest.xml:159:9-64
	android:name
		ADDED from src\main\AndroidManifest.xml:159:19-61
activity#juan.example.com.diabetest2.profesional.modmision.Modmisp
ADDED from src\main\AndroidManifest.xml:160:9-67
	android:name
		ADDED from src\main\AndroidManifest.xml:160:19-64
activity#juan.example.com.diabetest2.profesional.modmision.Basico
ADDED from src\main\AndroidManifest.xml:161:9-66
	android:name
		ADDED from src\main\AndroidManifest.xml:161:19-63
activity#juan.example.com.diabetest2.profesional.modmision.Pasosmod
ADDED from src\main\AndroidManifest.xml:162:9-68
	android:name
		ADDED from src\main\AndroidManifest.xml:162:19-65
activity#juan.example.com.diabetest2.profesional.Modpasmisg1
ADDED from src\main\AndroidManifest.xml:163:9-61
	android:name
		ADDED from src\main\AndroidManifest.xml:163:19-58
activity#juan.example.com.diabetest2.profesional.misioncruds.Recursos_crud
ADDED from src\main\AndroidManifest.xml:164:9-75
	android:name
		ADDED from src\main\AndroidManifest.xml:164:19-72
activity#juan.example.com.diabetest2.paciente.VerMisionPaciente
ADDED from src\main\AndroidManifest.xml:165:9-168:59
	android:label
		ADDED from src\main\AndroidManifest.xml:167:13-71
	android:theme
		ADDED from src\main\AndroidManifest.xml:168:13-56
	android:name
		ADDED from src\main\AndroidManifest.xml:166:13-55
activity#juan.example.com.diabetest2.profesional.modmision.Modpasos
ADDED from src\main\AndroidManifest.xml:169:9-68
	android:name
		ADDED from src\main\AndroidManifest.xml:169:19-65
activity#juan.example.com.diabetest2.paciente.VerRecursosMisionPaciente
ADDED from src\main\AndroidManifest.xml:170:9-72
	android:name
		ADDED from src\main\AndroidManifest.xml:170:19-69
activity#juan.example.com.diabetest2.profesional.modmision.Modpaso
ADDED from src\main\AndroidManifest.xml:171:9-67
	android:name
		ADDED from src\main\AndroidManifest.xml:171:19-64
activity#juan.example.com.diabetest2.profesional.misioncruds.MisionRecursosLista
ADDED from src\main\AndroidManifest.xml:172:9-81
	android:name
		ADDED from src\main\AndroidManifest.xml:172:19-78
activity#juan.example.com.diabetest2.profesional.misioncruds.RecursosAsignadosMis
ADDED from src\main\AndroidManifest.xml:173:9-82
	android:name
		ADDED from src\main\AndroidManifest.xml:173:19-79
activity#juan.example.com.diabetest2.profesional.Encuesta1
ADDED from src\main\AndroidManifest.xml:174:9-59
	android:name
		ADDED from src\main\AndroidManifest.xml:174:19-56
activity#juan.example.com.diabetest2.profesional.Encuesta2
ADDED from src\main\AndroidManifest.xml:175:9-59
	android:name
		ADDED from src\main\AndroidManifest.xml:175:19-56
activity#juan.example.com.diabetest2.paciente.encuestas.Encuesta
ADDED from src\main\AndroidManifest.xml:176:9-65
	android:name
		ADDED from src\main\AndroidManifest.xml:176:19-62
activity#juan.example.com.diabetest2.profesional.PerfilDeTratamiento
ADDED from src\main\AndroidManifest.xml:177:9-69
	android:name
		ADDED from src\main\AndroidManifest.xml:177:19-66
activity#juan.example.com.diabetest2.comunes.smackchat.LoginActivity
ADDED from src\main\AndroidManifest.xml:178:9-180:60
	android:label
		ADDED from src\main\AndroidManifest.xml:180:13-57
	android:name
		ADDED from src\main\AndroidManifest.xml:179:13-60
activity#juan.example.com.diabetest2.comunes.smackchat.ContactListActivity
ADDED from src\main\AndroidManifest.xml:181:9-75
	android:name
		ADDED from src\main\AndroidManifest.xml:181:19-72
service#juan.example.com.diabetest2.comunes.smackchat.RoosterConnectionService
ADDED from src\main\AndroidManifest.xml:183:9-79
	android:name
		ADDED from src\main\AndroidManifest.xml:183:18-76